[2025-12-04 15:44:38] [WORKFLOW] === Start Volledige Workflow ===
[2025-12-04 15:44:38] [WORKFLOW] Stap 1: Data Verzamelen...
[2025-12-04 15:44:38] [WORKFLOW] FOUT tijdens verzamelen!
[2025-12-04 15:45:30] [WORKFLOW] === Start Volledige Workflow ===
[2025-12-04 15:45:30] [WORKFLOW] Stap 1: Data Verzamelen...
[2025-12-04 15:45:30] [WORKFLOW] FOUT tijdens verzamelen!
[2025-12-04 15:46:35] [WORKFLOW] === Start Volledige Workflow ===
[2025-12-04 15:46:35] [WORKFLOW] Stap 1: Data Verzamelen...
[2025-12-04 15:46:35] [WORKFLOW] Stap 2: Transformeren naar CSV...
[2025-12-04 15:46:36] [WORKFLOW] Stap 3: Analyseren en Grafieken...
[2025-12-04 15:46:38] [WORKFLOW] Stap 4: Rapport Genereren...
[2025-12-04 15:46:40] [WORKFLOW] === Workflow Succesvol Voltooid ===
[2025-12-04 16:00:01] [WORKFLOW] === Start Volledige Workflow ===
[2025-12-04 16:00:01] [WORKFLOW] Stap 1: Data Verzamelen...
[2025-12-04 16:00:02] [WORKFLOW] Stap 2: Transformeren naar CSV...
[2025-12-04 16:00:04] [WORKFLOW] Stap 3: Analyseren en Grafieken...
[2025-12-04 16:00:07] [WORKFLOW] Stap 4: Rapport Genereren...
[2025-12-04 16:00:14] [WORKFLOW] === Workflow Succesvol Voltooid ===
[2025-12-07 09:15:09] [WORKFLOW] === Start Volledige Workflow ===
[2025-12-07 09:15:09] [WORKFLOW] Stap 1: Data Verzamelen...
[2025-12-07 09:15:10] [WORKFLOW] Stap 2: Transformeren naar CSV...
[2025-12-07 09:15:11] [WORKFLOW] Stap 3: Analyseren en Grafieken...
[2025-12-07 09:15:13] [WORKFLOW] Stap 4: Rapport Genereren...
[2025-12-07 09:15:14] [WORKFLOW] === Workflow Succesvol Voltooid ===
[2025-12-07 09:33:25] [WORKFLOW] === Start Volledige Workflow ===
[2025-12-07 09:33:25] [WORKFLOW] Stap 1: Data Verzamelen...
[2025-12-07 09:33:25] [WORKFLOW] Stap 2: Transformeren naar CSV...
[2025-12-07 09:33:26] [WORKFLOW] Stap 3: Analyseren en Grafieken...
[2025-12-07 09:33:28] [WORKFLOW] Stap 4: Rapport Genereren...
[2025-12-07 09:33:31] [WORKFLOW] === Workflow Succesvol Voltooid ===
[2025-12-07 09:43:35] [WORKFLOW] === Start Volledige Workflow ===
[2025-12-07 09:43:35] [WORKFLOW] Stap 1: Data Verzamelen...
[2025-12-07 09:43:36] [WORKFLOW] Stap 2: Transformeren naar CSV...
[2025-12-07 09:43:37] [WORKFLOW] Stap 3: Analyseren en Grafieken...
[2025-12-07 09:43:38] [WORKFLOW] Stap 4: Rapport Genereren...
[2025-12-07 09:43:40] [WORKFLOW] === Workflow Succesvol Voltooid ===
[2025-12-07 09:46:15] [WORKFLOW] === Start Volledige Workflow ===
[2025-12-07 09:46:15] [WORKFLOW] Stap 1: Data Verzamelen...
[2025-12-07 09:46:16] [WORKFLOW] Stap 2: Transformeren naar CSV...
[2025-12-07 09:46:16] [WORKFLOW] Stap 3: Analyseren en Grafieken...
[2025-12-07 09:46:17] [WORKFLOW] Stap 4: Rapport Genereren...
[2025-12-07 09:46:19] [WORKFLOW] === Workflow Succesvol Voltooid ===
[2025-12-07 09:51:43] [WORKFLOW] === Start Volledige Workflow ===
[2025-12-07 09:51:43] [WORKFLOW] Stap 1: Data Verzamelen...
[2025-12-07 09:51:45] [WORKFLOW] Stap 2: Transformeren naar CSV...
[2025-12-07 09:51:45] [WORKFLOW] Stap 3: Analyseren en Grafieken...
[2025-12-07 09:51:47] [WORKFLOW] Stap 4: Rapport Genereren...
[2025-12-07 09:51:49] [WORKFLOW] === Workflow Succesvol Voltooid ===
[2025-12-07 09:54:33] [WORKFLOW] === Start Volledige Workflow ===
[2025-12-07 09:54:33] [WORKFLOW] Stap 1: Data Verzamelen...
[2025-12-07 09:54:34] [WORKFLOW] Stap 2: Transformeren naar CSV...
[2025-12-07 09:54:34] [WORKFLOW] Stap 3: Analyseren en Grafieken...
[2025-12-07 09:54:37] [WORKFLOW] Stap 4: Rapport Genereren...
[2025-12-07 09:54:41] [WORKFLOW] === Workflow Succesvol Voltooid ===
[2025-12-07 10:00:01] [WORKFLOW] === Start Volledige Workflow ===
[2025-12-07 10:00:01] [WORKFLOW] Stap 1: Data Verzamelen...
[2025-12-07 10:00:03] [WORKFLOW] Stap 2: Transformeren naar CSV...
[2025-12-07 10:00:05] [WORKFLOW] Stap 3: Analyseren en Grafieken...
[2025-12-07 10:00:10] [WORKFLOW] Stap 4: Rapport Genereren...
[2025-12-07 10:00:14] [WORKFLOW] === Workflow Succesvol Voltooid ===
[2025-12-07 10:02:08] [WORKFLOW] === Start Volledige Workflow ===
[2025-12-07 10:02:08] [WORKFLOW] Stap 1: Data Verzamelen...
[2025-12-07 10:02:09] [WORKFLOW] Stap 2: Transformeren naar CSV...
[2025-12-07 10:02:09] [WORKFLOW] Stap 3: Analyseren en Grafieken...
[2025-12-07 10:02:11] [WORKFLOW] Stap 4: Rapport Genereren...
[2025-12-07 10:02:12] [WORKFLOW] === Workflow Succesvol Voltooid ===
[2025-12-07 10:07:42] [WORKFLOW] === Start Volledige Workflow ===
[2025-12-07 10:07:42] [WORKFLOW] Stap 1: Data Verzamelen...
[2025-12-07 10:07:43] [WORKFLOW] Stap 2: Transformeren naar CSV...
[2025-12-07 10:07:44] [WORKFLOW] Stap 3: Analyseren en Grafieken...
[2025-12-07 10:07:46] [WORKFLOW] Stap 4: Rapport Genereren...
[2025-12-07 10:07:49] [WORKFLOW] === Workflow Succesvol Voltooid ===
[2025-12-07 11:00:01] [WORKFLOW] === Start Volledige Workflow ===
[2025-12-07 11:00:01] [WORKFLOW] Stap 1: Data Verzamelen...
[2025-12-07 11:00:03] [WORKFLOW] Stap 2: Transformeren naar CSV...
[2025-12-07 11:00:05] [WORKFLOW] Stap 3: Analyseren en Grafieken...
[2025-12-07 11:00:10] [WORKFLOW] Stap 4: Rapport Genereren...
[2025-12-07 11:00:16] [WORKFLOW] === Workflow Succesvol Voltooid ===
[2025-12-07 12:00:01] [WORKFLOW] === Start Volledige Workflow ===
[2025-12-07 12:00:01] [WORKFLOW] Stap 1: Data Verzamelen...
[2025-12-07 12:00:02] [WORKFLOW] Stap 2: Transformeren naar CSV...
[2025-12-07 12:00:03] [WORKFLOW] Stap 3: Analyseren en Grafieken...
[2025-12-07 12:00:04] [WORKFLOW] Stap 4: Rapport Genereren...
[2025-12-07 12:00:05] [WORKFLOW] === Workflow Succesvol Voltooid ===
[2025-12-07 13:00:01] [WORKFLOW] === Start Volledige Workflow ===
[2025-12-07 13:00:01] [WORKFLOW] Stap 1: Data Verzamelen...
[2025-12-07 13:00:02] [WORKFLOW] Stap 2: Transformeren naar CSV...
[2025-12-07 13:00:03] [WORKFLOW] Stap 3: Analyseren en Grafieken...
[2025-12-07 13:00:03] [WORKFLOW] Stap 4: Rapport Genereren...
[2025-12-07 13:00:05] [WORKFLOW] === Workflow Succesvol Voltooid ===
[2025-12-07 13:37:06] [WORKFLOW] === Start Volledige Workflow ===
[2025-12-07 13:37:06] [WORKFLOW] Stap 1: Data Verzamelen...
[2025-12-07 13:37:06] [WORKFLOW] Stap 2: Transformeren naar CSV...
[2025-12-07 13:37:07] [WORKFLOW] Stap 3: Analyseren en Grafieken...
[2025-12-07 13:37:08] [WORKFLOW] Stap 4: Rapport Genereren...
[2025-12-07 13:37:10] [WORKFLOW] === Workflow Succesvol Voltooid ===
[2025-12-07 14:00:01] [WORKFLOW] === Start Volledige Workflow ===
[2025-12-07 14:00:01] [WORKFLOW] Stap 1: Data Verzamelen...
[2025-12-07 14:00:02] [WORKFLOW] Stap 2: Transformeren naar CSV...
[2025-12-07 14:00:03] [WORKFLOW] Stap 3: Analyseren en Grafieken...
[2025-12-07 14:00:04] [WORKFLOW] Stap 4: Rapport Genereren...
[2025-12-07 14:00:05] [WORKFLOW] === Workflow Succesvol Voltooid ===
[2025-12-07 15:00:01] [WORKFLOW] === Start Volledige Workflow ===
[2025-12-07 15:00:01] [WORKFLOW] Stap 1: Data Verzamelen...
[2025-12-07 15:00:02] [WORKFLOW] Stap 2: Transformeren naar CSV...
[2025-12-07 15:00:03] [WORKFLOW] Stap 3: Analyseren en Grafieken...
[2025-12-07 15:00:04] [WORKFLOW] Stap 4: Rapport Genereren...
[2025-12-07 15:00:05] [WORKFLOW] === Workflow Succesvol Voltooid ===
[2025-12-07 16:00:01] [WORKFLOW] === Start Volledige Workflow ===
[2025-12-07 16:00:01] [WORKFLOW] Stap 1: Data Verzamelen...
[2025-12-07 16:00:02] [WORKFLOW] Stap 2: Transformeren naar CSV...
[2025-12-07 16:00:03] [WORKFLOW] Stap 3: Analyseren en Grafieken...
[2025-12-07 16:00:04] [WORKFLOW] Stap 4: Rapport Genereren...
[2025-12-07 16:00:05] [WORKFLOW] === Workflow Succesvol Voltooid ===
[2025-12-07 17:00:02] [WORKFLOW] === Start Volledige Workflow ===
[2025-12-07 17:00:02] [WORKFLOW] Stap 1: Data Verzamelen...
[2025-12-07 17:00:03] [WORKFLOW] Stap 2: Transformeren naar CSV...
[2025-12-07 17:00:04] [WORKFLOW] Stap 3: Analyseren en Grafieken...
[2025-12-07 17:00:04] [WORKFLOW] Stap 4: Rapport Genereren...
[2025-12-07 17:00:06] [WORKFLOW] === Workflow Succesvol Voltooid ===
[2025-12-07 17:52:08] [WORKFLOW] === Start Volledige Workflow ===
[2025-12-07 17:52:08] [WORKFLOW] Stap 1: Data Verzamelen...
[2025-12-07 17:52:09] [WORKFLOW] Stap 2: Transformeren naar CSV...
[2025-12-07 17:52:10] [WORKFLOW] Stap 3: Analyseren en Grafieken...
[2025-12-07 17:52:11] [WORKFLOW] Stap 4: Rapport Genereren...
[2025-12-07 17:52:13] [WORKFLOW] === Workflow Succesvol Voltooid ===
[2025-12-07 18:00:01] [WORKFLOW] === Start Volledige Workflow ===
[2025-12-07 18:00:01] [WORKFLOW] Stap 1: Data Verzamelen...
[2025-12-07 18:00:02] [WORKFLOW] Stap 2: Transformeren naar CSV...
[2025-12-07 18:00:02] [WORKFLOW] Stap 3: Analyseren en Grafieken...
[2025-12-07 18:00:03] [WORKFLOW] Stap 4: Rapport Genereren...
[2025-12-07 18:00:05] [WORKFLOW] === Workflow Succesvol Voltooid ===
[2025-12-07 18:00:22] [WORKFLOW] === Start Volledige Workflow ===
[2025-12-07 18:00:22] [WORKFLOW] Stap 1: Data Verzamelen...
[2025-12-07 18:00:23] [WORKFLOW] Stap 2: Transformeren naar CSV...
[2025-12-07 18:00:24] [WORKFLOW] Stap 3: Analyseren en Grafieken...
[2025-12-07 18:00:25] [WORKFLOW] Stap 4: Rapport Genereren...
[2025-12-07 18:00:27] [WORKFLOW] === Workflow Succesvol Voltooid ===
